<?xml version="1.0" encoding="UTF-8"?>
<testng-results skipped="0" failed="0" total="10" passed="10">
  <reporter-output>
  </reporter-output>
  <suite name="TestNGLoad Test" duration-ms="76718" started-at="2015-06-05T00:08:49Z" finished-at="2015-06-05T00:10:06Z">
    <groups>
    </groups>
    <test name="Load test" duration-ms="76718" started-at="2015-06-05T00:08:49Z" finished-at="2015-06-05T00:10:06Z">
      <class name="com.otc.loadtestng.LoadTestNG">
        <test-method status="PASS" signature="setup()[pri:0, instance:com.otc.loadtestng.LoadTestNG@3cbcf04e]" name="setup" is-config="true" duration-ms="3493" started-at="2015-06-04T20:08:49Z" finished-at="2015-06-04T20:08:53Z">
          <reporter-output>
          </reporter-output>
        </test-method> <!-- setup -->
        <test-method status="PASS" signature="doLoadTest10()[pri:0, instance:com.otc.loadtestng.LoadTestNG@3cbcf04e]" name="doLoadTest10" duration-ms="8628" started-at="2015-06-04T20:08:53Z" finished-at="2015-06-04T20:09:01Z">
          <reporter-output>
          </reporter-output>
        </test-method> <!-- doLoadTest10 -->
        <test-method status="PASS" signature="doLoadTest10()[pri:0, instance:com.otc.loadtestng.LoadTestNG@3cbcf04e]" name="doLoadTest10" duration-ms="7434" started-at="2015-06-04T20:09:01Z" finished-at="2015-06-04T20:09:09Z">
          <reporter-output>
          </reporter-output>
        </test-method> <!-- doLoadTest10 -->
        <test-method status="PASS" signature="doLoadTest10()[pri:0, instance:com.otc.loadtestng.LoadTestNG@3cbcf04e]" name="doLoadTest10" duration-ms="7285" started-at="2015-06-04T20:09:09Z" finished-at="2015-06-04T20:09:16Z">
          <reporter-output>
          </reporter-output>
        </test-method> <!-- doLoadTest10 -->
        <test-method status="PASS" signature="doLoadTest10()[pri:0, instance:com.otc.loadtestng.LoadTestNG@3cbcf04e]" name="doLoadTest10" duration-ms="7214" started-at="2015-06-04T20:09:16Z" finished-at="2015-06-04T20:09:23Z">
          <reporter-output>
          </reporter-output>
        </test-method> <!-- doLoadTest10 -->
        <test-method status="PASS" signature="doLoadTest10()[pri:0, instance:com.otc.loadtestng.LoadTestNG@3cbcf04e]" name="doLoadTest10" duration-ms="7191" started-at="2015-06-04T20:09:23Z" finished-at="2015-06-04T20:09:30Z">
          <reporter-output>
          </reporter-output>
        </test-method> <!-- doLoadTest10 -->
        <test-method status="PASS" signature="doLoadTest10()[pri:0, instance:com.otc.loadtestng.LoadTestNG@3cbcf04e]" name="doLoadTest10" duration-ms="6389" started-at="2015-06-04T20:09:30Z" finished-at="2015-06-04T20:09:37Z">
          <reporter-output>
          </reporter-output>
        </test-method> <!-- doLoadTest10 -->
        <test-method status="PASS" signature="doLoadTest10()[pri:0, instance:com.otc.loadtestng.LoadTestNG@3cbcf04e]" name="doLoadTest10" duration-ms="7105" started-at="2015-06-04T20:09:37Z" finished-at="2015-06-04T20:09:44Z">
          <reporter-output>
          </reporter-output>
        </test-method> <!-- doLoadTest10 -->
        <test-method status="PASS" signature="doLoadTest10()[pri:0, instance:com.otc.loadtestng.LoadTestNG@3cbcf04e]" name="doLoadTest10" duration-ms="6707" started-at="2015-06-04T20:09:44Z" finished-at="2015-06-04T20:09:51Z">
          <reporter-output>
          </reporter-output>
        </test-method> <!-- doLoadTest10 -->
        <test-method status="PASS" signature="doLoadTest10()[pri:0, instance:com.otc.loadtestng.LoadTestNG@3cbcf04e]" name="doLoadTest10" duration-ms="7602" started-at="2015-06-04T20:09:51Z" finished-at="2015-06-04T20:09:58Z">
          <reporter-output>
          </reporter-output>
        </test-method> <!-- doLoadTest10 -->
        <test-method status="PASS" signature="doLoadTest10()[pri:0, instance:com.otc.loadtestng.LoadTestNG@3cbcf04e]" name="doLoadTest10" duration-ms="6624" started-at="2015-06-04T20:09:58Z" finished-at="2015-06-04T20:10:05Z">
          <reporter-output>
          </reporter-output>
        </test-method> <!-- doLoadTest10 -->
        <test-method status="PASS" signature="tearDown()[pri:0, instance:com.otc.loadtestng.LoadTestNG@3cbcf04e]" name="tearDown" is-config="true" duration-ms="1046" started-at="2015-06-04T20:10:05Z" finished-at="2015-06-04T20:10:06Z">
          <reporter-output>
          </reporter-output>
        </test-method> <!-- tearDown -->
      </class> <!-- com.otc.loadtestng.LoadTestNG -->
    </test> <!-- Load test -->
  </suite> <!-- TestNGLoad Test -->
</testng-results>
