<?xml version="1.0" encoding="UTF-8"?>
<!-- Generated by org.testng.reporters.JUnitXMLReporter -->
<testsuite hostname="Pandya_Fam_01" name="Load test" tests="10" failures="0" timestamp="5 Jun 2015 00:10:06 GMT" time="76.718" errors="0">
  <testcase name="doLoadTest10" time="8.628" classname="com.otc.loadtestng.LoadTestNG"/>
  <testcase name="doLoadTest10" time="7.434" classname="com.otc.loadtestng.LoadTestNG"/>
  <testcase name="doLoadTest10" time="7.285" classname="com.otc.loadtestng.LoadTestNG"/>
  <testcase name="doLoadTest10" time="7.214" classname="com.otc.loadtestng.LoadTestNG"/>
  <testcase name="doLoadTest10" time="7.191" classname="com.otc.loadtestng.LoadTestNG"/>
  <testcase name="doLoadTest10" time="6.389" classname="com.otc.loadtestng.LoadTestNG"/>
  <testcase name="doLoadTest10" time="7.105" classname="com.otc.loadtestng.LoadTestNG"/>
  <testcase name="doLoadTest10" time="6.707" classname="com.otc.loadtestng.LoadTestNG"/>
  <testcase name="doLoadTest10" time="7.602" classname="com.otc.loadtestng.LoadTestNG"/>
  <testcase name="doLoadTest10" time="6.624" classname="com.otc.loadtestng.LoadTestNG"/>
</testsuite> <!-- Load test -->
